Command line invocation:
    /Users/yaoqiang/development/Xcode.app/Contents/Developer/usr/bin/xcodebuild -project /Users/yaoqiang/Workspace/Code/angyee/voxwords/VoxWords.xcodeproj -scheme VoxWords -configuration Debug -destination "platform=iOS Simulator,name=iPhone 16 Pro,OS=18.0" build

--- xcodebuild: WARNING: Using the first of multiple matching destinations:
{ platform:iOS Simulator, arch:arm64, id:3895E2E8-3107-48C1-A837-CFDD92AF82C2, OS:18.0, name:iPhone 16 Pro }
{ platform:iOS Simulator, arch:x86_64, id:3895E2E8-3107-48C1-A837-CFDD92AF82C2, OS:18.0, name:iPhone 16 Pro }
ComputePackagePrebuildTargetDependencyGraph

Prepare packages

CreateBuildRequest

SendProjectDescription

CreateBuildOperation

ComputeTargetDependencyGraph
note: Building targets in dependency order
note: Target dependency graph (1 target)
    Target 'VoxWords' in project 'VoxWords' (no dependencies)

GatherProvisioningInputs

CreateBuildDescription

ClangStatCache /Users/yaoqiang/development/Xcode.app/Contents/Developer/Toolchains/XcodeDefault.xctoolchain/usr/bin/clang-stat-cache /Users/yaoqiang/development/Xcode.app/Contents/Developer/Platforms/iPhoneSimulator.platform/Developer/SDKs/iPhoneSimulator26.1.sdk /Users/yaoqiang/Library/Developer/Xcode/DerivedData/SDKStatCaches.noindex/iphonesimulator26.1-23B77-49d5b855a87b3ccd497611e9e62e51e9.sdkstatcache
    cd /Users/yaoqiang/Workspace/Code/angyee/voxwords/VoxWords.xcodeproj
    /Users/yaoqiang/development/Xcode.app/Contents/Developer/Toolchains/XcodeDefault.xctoolchain/usr/bin/clang-stat-cache /Users/yaoqiang/development/Xcode.app/Contents/Developer/Platforms/iPhoneSimulator.platform/Developer/SDKs/iPhoneSimulator26.1.sdk -o /Users/yaoqiang/Library/Developer/Xcode/DerivedData/SDKStatCaches.noindex/iphonesimulator26.1-23B77-49d5b855a87b3ccd497611e9e62e51e9.sdkstatcache

SwiftDriver VoxWords normal arm64 com.apple.xcode.tools.swift.compiler (in target 'VoxWords' from project 'VoxWords')
    cd /Users/yaoqiang/Workspace/Code/angyee/voxwords
    builtin-SwiftDriver -- /Users/yaoqiang/development/Xcode.app/Contents/Developer/Toolchains/XcodeDefault.xctoolchain/usr/bin/swiftc -module-name VoxWords -Onone -enforce-exclusivity\=checked @/Users/yaoqiang/Library/Developer/Xcode/DerivedData/VoxWords-didnsnbyebchbqdoqlevwhubeskr/Build/Intermediates.noindex/VoxWords.build/Debug-iphonesimulator/VoxWords.build/Objects-normal/arm64/VoxWords.SwiftFileList -DDEBUG -enable-experimental-feature DebugDescriptionMacro -sdk /Users/yaoqiang/development/Xcode.app/Contents/Developer/Platforms/iPhoneSimulator.platform/Developer/SDKs/iPhoneSimulator26.1.sdk -target arm64-apple-ios18.0-simulator -g -module-cache-path /Users/yaoqiang/Library/Developer/Xcode/DerivedData/ModuleCache.noindex -Xfrontend -serialize-debugging-options -enable-testing -index-store-path /Users/yaoqiang/Library/Developer/Xcode/DerivedData/VoxWords-didnsnbyebchbqdoqlevwhubeskr/Index.noindex/DataStore -Xcc -D_LIBCPP_HARDENING_MODE\=_LIBCPP_HARDENING_MODE_DEBUG -swift-version 6 -I /Users/yaoqiang/Library/Developer/Xcode/DerivedData/VoxWords-didnsnbyebchbqdoqlevwhubeskr/Build/Products/Debug-iphonesimulator -F /Users/yaoqiang/Library/Developer/Xcode/DerivedData/VoxWords-didnsnbyebchbqdoqlevwhubeskr/Build/Products/Debug-iphonesimulator -c -j12 -enable-batch-mode -incremental -Xcc -ivfsstatcache -Xcc /Users/yaoqiang/Library/Developer/Xcode/DerivedData/SDKStatCaches.noindex/iphonesimulator26.1-23B77-49d5b855a87b3ccd497611e9e62e51e9.sdkstatcache -output-file-map /Users/yaoqiang/Library/Developer/Xcode/DerivedData/VoxWords-didnsnbyebchbqdoqlevwhubeskr/Build/Intermediates.noindex/VoxWords.build/Debug-iphonesimulator/VoxWords.build/Objects-normal/arm64/VoxWords-OutputFileMap.json -use-frontend-parseable-output -save-temps -no-color-diagnostics -explicit-module-build -module-cache-path /Users/yaoqiang/Library/Developer/Xcode/DerivedData/VoxWords-didnsnbyebchbqdoqlevwhubeskr/Build/Intermediates.noindex/SwiftExplicitPrecompiledModules -clang-scanner-module-cache-path /Users/yaoqiang/Library/Developer/Xcode/DerivedData/ModuleCache.noindex -sdk-module-cache-path /Users/yaoqiang/Library/Developer/Xcode/DerivedData/ModuleCache.noindex -serialize-diagnostics -emit-dependencies -emit-module -emit-module-path /Users/yaoqiang/Library/Developer/Xcode/DerivedData/VoxWords-didnsnbyebchbqdoqlevwhubeskr/Build/Intermediates.noindex/VoxWords.build/Debug-iphonesimulator/VoxWords.build/Objects-normal/arm64/VoxWords.swiftmodule -validate-clang-modules-once -clang-build-session-file /Users/yaoqiang/Library/Developer/Xcode/DerivedData/ModuleCache.noindex/Session.modulevalidation -Xcc -I/Users/yaoqiang/Library/Developer/Xcode/DerivedData/VoxWords-didnsnbyebchbqdoqlevwhubeskr/Build/Intermediates.noindex/VoxWords.build/Debug-iphonesimulator/VoxWords.build/swift-overrides.hmap -emit-const-values -Xfrontend -const-gather-protocols-file -Xfrontend /Users/yaoqiang/Library/Developer/Xcode/DerivedData/VoxWords-didnsnbyebchbqdoqlevwhubeskr/Build/Intermediates.noindex/VoxWords.build/Debug-iphonesimulator/VoxWords.build/Objects-normal/arm64/VoxWords_const_extract_protocols.json -Xcc -iquote -Xcc /Users/yaoqiang/Library/Developer/Xcode/DerivedData/VoxWords-didnsnbyebchbqdoqlevwhubeskr/Build/Intermediates.noindex/VoxWords.build/Debug-iphonesimulator/VoxWords.build/VoxWords-generated-files.hmap -Xcc -I/Users/yaoqiang/Library/Developer/Xcode/DerivedData/VoxWords-didnsnbyebchbqdoqlevwhubeskr/Build/Intermediates.noindex/VoxWords.build/Debug-iphonesimulator/VoxWords.build/VoxWords-own-target-headers.hmap -Xcc -I/Users/yaoqiang/Library/Developer/Xcode/DerivedData/VoxWords-didnsnbyebchbqdoqlevwhubeskr/Build/Intermediates.noindex/VoxWords.build/Debug-iphonesimulator/VoxWords.build/VoxWords-all-target-headers.hmap -Xcc -iquote -Xcc /Users/yaoqiang/Library/Developer/Xcode/DerivedData/VoxWords-didnsnbyebchbqdoqlevwhubeskr/Build/Intermediates.noindex/VoxWords.build/Debug-iphonesimulator/VoxWords.build/VoxWords-project-headers.hmap -Xcc -I/Users/yaoqiang/Library/Developer/Xcode/DerivedData/VoxWords-didnsnbyebchbqdoqlevwhubeskr/Build/Products/Debug-iphonesimulator/include -Xcc -I/Users/yaoqiang/Library/Developer/Xcode/DerivedData/VoxWords-didnsnbyebchbqdoqlevwhubeskr/Build/Intermediates.noindex/VoxWords.build/Debug-iphonesimulator/VoxWords.build/DerivedSources-normal/arm64 -Xcc -I/Users/yaoqiang/Library/Developer/Xcode/DerivedData/VoxWords-didnsnbyebchbqdoqlevwhubeskr/Build/Intermediates.noindex/VoxWords.build/Debug-iphonesimulator/VoxWords.build/DerivedSources/arm64 -Xcc -I/Users/yaoqiang/Library/Developer/Xcode/DerivedData/VoxWords-didnsnbyebchbqdoqlevwhubeskr/Build/Intermediates.noindex/VoxWords.build/Debug-iphonesimulator/VoxWords.build/DerivedSources -Xcc -DDEBUG\=1 -emit-objc-header -emit-objc-header-path /Users/yaoqiang/Library/Developer/Xcode/DerivedData/VoxWords-didnsnbyebchbqdoqlevwhubeskr/Build/Intermediates.noindex/VoxWords.build/Debug-iphonesimulator/VoxWords.build/Objects-normal/arm64/VoxWords-Swift.h -working-directory /Users/yaoqiang/Workspace/Code/angyee/voxwords -experimental-emit-module-separately -disable-cmo

SwiftCompile normal arm64 Compiling\ PurchaseManager.swift /Users/yaoqiang/Workspace/Code/angyee/voxwords/VoxWords/Managers/PurchaseManager.swift (in target 'VoxWords' from project 'VoxWords')

SwiftCompile normal arm64 /Users/yaoqiang/Workspace/Code/angyee/voxwords/VoxWords/Managers/PurchaseManager.swift (in target 'VoxWords' from project 'VoxWords')
    cd /Users/yaoqiang/Workspace/Code/angyee/voxwords
    

SwiftCompile normal arm64 Compiling\ DailyView.swift /Users/yaoqiang/Workspace/Code/angyee/voxwords/VoxWords/Views/Daily/DailyView.swift (in target 'VoxWords' from project 'VoxWords')
SwiftCompile normal arm64 /Users/yaoqiang/Workspace/Code/angyee/voxwords/VoxWords/Views/Daily/DailyView.swift (in target 'VoxWords' from project 'VoxWords')
    cd /Users/yaoqiang/Workspace/Code/angyee/voxwords
    

SwiftCompile normal arm64 Compiling\ RetroCards.swift /Users/yaoqiang/Workspace/Code/angyee/voxwords/VoxWords/Views/Daily/RetroCards.swift (in target 'VoxWords' from project 'VoxWords')

SwiftCompile normal arm64 /Users/yaoqiang/Workspace/Code/angyee/voxwords/VoxWords/Views/Daily/RetroCards.swift (in target 'VoxWords' from project 'VoxWords')
    cd /Users/yaoqiang/Workspace/Code/angyee/voxwords
    

SwiftCompile normal arm64 Compiling\ SettingsView.swift /Users/yaoqiang/Workspace/Code/angyee/voxwords/VoxWords/Views/Settings/SettingsView.swift (in target 'VoxWords' from project 'VoxWords')
SwiftCompile normal arm64 /Users/yaoqiang/Workspace/Code/angyee/voxwords/VoxWords/Views/Settings/SettingsView.swift (in target 'VoxWords' from project 'VoxWords')
    cd /Users/yaoqiang/Workspace/Code/angyee/voxwords
    
/Users/yaoqiang/Workspace/Code/angyee/voxwords/VoxWords/Views/Settings/SettingsView.swift:193:13: warning: 'SKStoreReviewController' was deprecated in iOS 18.0: Use AppStore.requestReview(in:)
            SKStoreReviewController.requestReview(in: scene)
            ^
/Users/yaoqiang/Workspace/Code/angyee/voxwords/VoxWords/Views/Settings/SettingsView.swift:193:37: warning: 'requestReview(in:)' was deprecated in iOS 18.0: Use AppStore.requestReview(in:)
            SKStoreReviewController.requestReview(in: scene)
                                    ^

SwiftCompile normal arm64 Compiling\ ContentView.swift /Users/yaoqiang/Workspace/Code/angyee/voxwords/VoxWords/ContentView.swift (in target 'VoxWords' from project 'VoxWords')
SwiftCompile normal arm64 /Users/yaoqiang/Workspace/Code/angyee/voxwords/VoxWords/ContentView.swift (in target 'VoxWords' from project 'VoxWords')
    cd /Users/yaoqiang/Workspace/Code/angyee/voxwords
    

SwiftCompile normal arm64 Compiling\ PaywallView.swift /Users/yaoqiang/Workspace/Code/angyee/voxwords/VoxWords/Views/Paywall/PaywallView.swift (in target 'VoxWords' from project 'VoxWords')

SwiftCompile normal arm64 /Users/yaoqiang/Workspace/Code/angyee/voxwords/VoxWords/Views/Paywall/PaywallView.swift (in target 'VoxWords' from project 'VoxWords')
    cd /Users/yaoqiang/Workspace/Code/angyee/voxwords
    

SwiftCompile normal arm64 Compiling\ VoxWordsApp.swift /Users/yaoqiang/Workspace/Code/angyee/voxwords/VoxWords/VoxWordsApp.swift (in target 'VoxWords' from project 'VoxWords')

SwiftCompile normal arm64 /Users/yaoqiang/Workspace/Code/angyee/voxwords/VoxWords/VoxWordsApp.swift (in target 'VoxWords' from project 'VoxWords')
    cd /Users/yaoqiang/Workspace/Code/angyee/voxwords
    

SwiftEmitModule normal arm64 Emitting\ module\ for\ VoxWords (in target 'VoxWords' from project 'VoxWords')

EmitSwiftModule normal arm64 (in target 'VoxWords' from project 'VoxWords')
    cd /Users/yaoqiang/Workspace/Code/angyee/voxwords
    

SwiftCompile normal arm64 Compiling\ SpeechManager.swift /Users/yaoqiang/Workspace/Code/angyee/voxwords/VoxWords/Managers/SpeechManager.swift (in target 'VoxWords' from project 'VoxWords')

SwiftCompile normal arm64 /Users/yaoqiang/Workspace/Code/angyee/voxwords/VoxWords/Managers/SpeechManager.swift (in target 'VoxWords' from project 'VoxWords')
    cd /Users/yaoqiang/Workspace/Code/angyee/voxwords
    
/Users/yaoqiang/Workspace/Code/angyee/voxwords/VoxWords/Managers/SpeechManager.swift:143:51: warning: 'recordPermission' was deprecated in iOS 17.0: Please use AVAudioApplication recordPermission
        let mic = AVAudioSession.sharedInstance().recordPermission
                                                  ^
/Users/yaoqiang/Workspace/Code/angyee/voxwords/VoxWords/Managers/SpeechManager.swift:146:48: warning: 'undetermined' was deprecated in iOS 17.0: renamed to 'AVAudioApplication.recordPermission.undetermined'
        if speech == .notDetermined || mic == .undetermined {
                                               ^
/Users/yaoqiang/Workspace/Code/angyee/voxwords/VoxWords/Managers/SpeechManager.swift:146:48: note: use 'AVAudioApplication.recordPermission.undetermined' instead
        if speech == .notDetermined || mic == .undetermined {
                                               ^~~~~~~~~~~~
                                               AVAudioApplication.recordPermission.undetermined
/Users/yaoqiang/Workspace/Code/angyee/voxwords/VoxWords/Managers/SpeechManager.swift:151:54: warning: 'recordPermission' was deprecated in iOS 17.0: Please use AVAudioApplication recordPermission
        let micNow = AVAudioSession.sharedInstance().recordPermission
                                                     ^
/Users/yaoqiang/Workspace/Code/angyee/voxwords/VoxWords/Managers/SpeechManager.swift:157:23: warning: 'granted' was deprecated in iOS 17.0: renamed to 'AVAudioApplication.recordPermission.granted'
        if micNow != .granted {
                      ^
/Users/yaoqiang/Workspace/Code/angyee/voxwords/VoxWords/Managers/SpeechManager.swift:157:23: note: use 'AVAudioApplication.recordPermission.granted' instead
        if micNow != .granted {
                      ^~~~~~~
                      AVAudioApplication.recordPermission.granted

SwiftCompile normal arm64 Compiling\ GeneratedAssetSymbols.swift /Users/yaoqiang/Library/Developer/Xcode/DerivedData/VoxWords-didnsnbyebchbqdoqlevwhubeskr/Build/Intermediates.noindex/VoxWords.build/Debug-iphonesimulator/VoxWords.build/DerivedSources/GeneratedAssetSymbols.swift (in target 'VoxWords' from project 'VoxWords')

SwiftCompile normal arm64 /Users/yaoqiang/Library/Developer/Xcode/DerivedData/VoxWords-didnsnbyebchbqdoqlevwhubeskr/Build/Intermediates.noindex/VoxWords.build/Debug-iphonesimulator/VoxWords.build/DerivedSources/GeneratedAssetSymbols.swift (in target 'VoxWords' from project 'VoxWords')
    cd /Users/yaoqiang/Workspace/Code/angyee/voxwords
    

SwiftDriverJobDiscovery normal arm64 Compiling GeneratedAssetSymbols.swift (in target 'VoxWords' from project 'VoxWords')

SwiftDriverJobDiscovery normal arm64 Compiling PurchaseManager.swift (in target 'VoxWords' from project 'VoxWords')

SwiftDriverJobDiscovery normal arm64 Compiling VoxWordsApp.swift (in target 'VoxWords' from project 'VoxWords')

SwiftDriverJobDiscovery normal arm64 Compiling RetroCards.swift (in target 'VoxWords' from project 'VoxWords')

SwiftDriverJobDiscovery normal arm64 Compiling DailyView.swift (in target 'VoxWords' from project 'VoxWords')

SwiftDriverJobDiscovery normal arm64 Compiling PaywallView.swift (in target 'VoxWords' from project 'VoxWords')

SwiftDriverJobDiscovery normal arm64 Emitting module for VoxWords (in target 'VoxWords' from project 'VoxWords')

SwiftDriver\ Compilation\ Requirements VoxWords normal arm64 com.apple.xcode.tools.swift.compiler (in target 'VoxWords' from project 'VoxWords')
    cd /Users/yaoqiang/Workspace/Code/angyee/voxwords
    builtin-Swift-Compilation-Requirements -- /Users/yaoqiang/development/Xcode.app/Contents/Developer/Toolchains/XcodeDefault.xctoolchain/usr/bin/swiftc -module-name VoxWords -Onone -enforce-exclusivity\=checked @/Users/yaoqiang/Library/Developer/Xcode/DerivedData/VoxWords-didnsnbyebchbqdoqlevwhubeskr/Build/Intermediates.noindex/VoxWords.build/Debug-iphonesimulator/VoxWords.build/Objects-normal/arm64/VoxWords.SwiftFileList -DDEBUG -enable-experimental-feature DebugDescriptionMacro -sdk /Users/yaoqiang/development/Xcode.app/Contents/Developer/Platforms/iPhoneSimulator.platform/Developer/SDKs/iPhoneSimulator26.1.sdk -target arm64-apple-ios18.0-simulator -g -module-cache-path /Users/yaoqiang/Library/Developer/Xcode/DerivedData/ModuleCache.noindex -Xfrontend -serialize-debugging-options -enable-testing -index-store-path /Users/yaoqiang/Library/Developer/Xcode/DerivedData/VoxWords-didnsnbyebchbqdoqlevwhubeskr/Index.noindex/DataStore -Xcc -D_LIBCPP_HARDENING_MODE\=_LIBCPP_HARDENING_MODE_DEBUG -swift-version 6 -I /Users/yaoqiang/Library/Developer/Xcode/DerivedData/VoxWords-didnsnbyebchbqdoqlevwhubeskr/Build/Products/Debug-iphonesimulator -F /Users/yaoqiang/Library/Developer/Xcode/DerivedData/VoxWords-didnsnbyebchbqdoqlevwhubeskr/Build/Products/Debug-iphonesimulator -c -j12 -enable-batch-mode -incremental -Xcc -ivfsstatcache -Xcc /Users/yaoqiang/Library/Developer/Xcode/DerivedData/SDKStatCaches.noindex/iphonesimulator26.1-23B77-49d5b855a87b3ccd497611e9e62e51e9.sdkstatcache -output-file-map /Users/yaoqiang/Library/Developer/Xcode/DerivedData/VoxWords-didnsnbyebchbqdoqlevwhubeskr/Build/Intermediates.noindex/VoxWords.build/Debug-iphonesimulator/VoxWords.build/Objects-normal/arm64/VoxWords-OutputFileMap.json -use-frontend-parseable-output -save-temps -no-color-diagnostics -explicit-module-build -module-cache-path /Users/yaoqiang/Library/Developer/Xcode/DerivedData/VoxWords-didnsnbyebchbqdoqlevwhubeskr/Build/Intermediates.noindex/SwiftExplicitPrecompiledModules -clang-scanner-module-cache-path /Users/yaoqiang/Library/Developer/Xcode/DerivedData/ModuleCache.noindex -sdk-module-cache-path /Users/yaoqiang/Library/Developer/Xcode/DerivedData/ModuleCache.noindex -serialize-diagnostics -emit-dependencies -emit-module -emit-module-path /Users/yaoqiang/Library/Developer/Xcode/DerivedData/VoxWords-didnsnbyebchbqdoqlevwhubeskr/Build/Intermediates.noindex/VoxWords.build/Debug-iphonesimulator/VoxWords.build/Objects-normal/arm64/VoxWords.swiftmodule -validate-clang-modules-once -clang-build-session-file /Users/yaoqiang/Library/Developer/Xcode/DerivedData/ModuleCache.noindex/Session.modulevalidation -Xcc -I/Users/yaoqiang/Library/Developer/Xcode/DerivedData/VoxWords-didnsnbyebchbqdoqlevwhubeskr/Build/Intermediates.noindex/VoxWords.build/Debug-iphonesimulator/VoxWords.build/swift-overrides.hmap -emit-const-values -Xfrontend -const-gather-protocols-file -Xfrontend /Users/yaoqiang/Library/Developer/Xcode/DerivedData/VoxWords-didnsnbyebchbqdoqlevwhubeskr/Build/Intermediates.noindex/VoxWords.build/Debug-iphonesimulator/VoxWords.build/Objects-normal/arm64/VoxWords_const_extract_protocols.json -Xcc -iquote -Xcc /Users/yaoqiang/Library/Developer/Xcode/DerivedData/VoxWords-didnsnbyebchbqdoqlevwhubeskr/Build/Intermediates.noindex/VoxWords.build/Debug-iphonesimulator/VoxWords.build/VoxWords-generated-files.hmap -Xcc -I/Users/yaoqiang/Library/Developer/Xcode/DerivedData/VoxWords-didnsnbyebchbqdoqlevwhubeskr/Build/Intermediates.noindex/VoxWords.build/Debug-iphonesimulator/VoxWords.build/VoxWords-own-target-headers.hmap -Xcc -I/Users/yaoqiang/Library/Developer/Xcode/DerivedData/VoxWords-didnsnbyebchbqdoqlevwhubeskr/Build/Intermediates.noindex/VoxWords.build/Debug-iphonesimulator/VoxWords.build/VoxWords-all-target-headers.hmap -Xcc -iquote -Xcc /Users/yaoqiang/Library/Developer/Xcode/DerivedData/VoxWords-didnsnbyebchbqdoqlevwhubeskr/Build/Intermediates.noindex/VoxWords.build/Debug-iphonesimulator/VoxWords.build/VoxWords-project-headers.hmap -Xcc -I/Users/yaoqiang/Library/Developer/Xcode/DerivedData/VoxWords-didnsnbyebchbqdoqlevwhubeskr/Build/Products/Debug-iphonesimulator/include -Xcc -I/Users/yaoqiang/Library/Developer/Xcode/DerivedData/VoxWords-didnsnbyebchbqdoqlevwhubeskr/Build/Intermediates.noindex/VoxWords.build/Debug-iphonesimulator/VoxWords.build/DerivedSources-normal/arm64 -Xcc -I/Users/yaoqiang/Library/Developer/Xcode/DerivedData/VoxWords-didnsnbyebchbqdoqlevwhubeskr/Build/Intermediates.noindex/VoxWords.build/Debug-iphonesimulator/VoxWords.build/DerivedSources/arm64 -Xcc -I/Users/yaoqiang/Library/Developer/Xcode/DerivedData/VoxWords-didnsnbyebchbqdoqlevwhubeskr/Build/Intermediates.noindex/VoxWords.build/Debug-iphonesimulator/VoxWords.build/DerivedSources -Xcc -DDEBUG\=1 -emit-objc-header -emit-objc-header-path /Users/yaoqiang/Library/Developer/Xcode/DerivedData/VoxWords-didnsnbyebchbqdoqlevwhubeskr/Build/Intermediates.noindex/VoxWords.build/Debug-iphonesimulator/VoxWords.build/Objects-normal/arm64/VoxWords-Swift.h -working-directory /Users/yaoqiang/Workspace/Code/angyee/voxwords -experimental-emit-module-separately -disable-cmo

Copy /Users/yaoqiang/Library/Developer/Xcode/DerivedData/VoxWords-didnsnbyebchbqdoqlevwhubeskr/Build/Products/Debug-iphonesimulator/VoxWords.swiftmodule/arm64-apple-ios-simulator.swiftmodule /Users/yaoqiang/Library/Developer/Xcode/DerivedData/VoxWords-didnsnbyebchbqdoqlevwhubeskr/Build/Intermediates.noindex/VoxWords.build/Debug-iphonesimulator/VoxWords.build/Objects-normal/arm64/VoxWords.swiftmodule (in target 'VoxWords' from project 'VoxWords')
    cd /Users/yaoqiang/Workspace/Code/angyee/voxwords
    builtin-copy -exclude .DS_Store -exclude CVS -exclude .svn -exclude .git -exclude .hg -resolve-src-symlinks -rename /Users/yaoqiang/Library/Developer/Xcode/DerivedData/VoxWords-didnsnbyebchbqdoqlevwhubeskr/Build/Intermediates.noindex/VoxWords.build/Debug-iphonesimulator/VoxWords.build/Objects-normal/arm64/VoxWords.swiftmodule /Users/yaoqiang/Library/Developer/Xcode/DerivedData/VoxWords-didnsnbyebchbqdoqlevwhubeskr/Build/Products/Debug-iphonesimulator/VoxWords.swiftmodule/arm64-apple-ios-simulator.swiftmodule

Copy /Users/yaoqiang/Library/Developer/Xcode/DerivedData/VoxWords-didnsnbyebchbqdoqlevwhubeskr/Build/Products/Debug-iphonesimulator/VoxWords.swiftmodule/arm64-apple-ios-simulator.abi.json /Users/yaoqiang/Library/Developer/Xcode/DerivedData/VoxWords-didnsnbyebchbqdoqlevwhubeskr/Build/Intermediates.noindex/VoxWords.build/Debug-iphonesimulator/VoxWords.build/Objects-normal/arm64/VoxWords.abi.json (in target 'VoxWords' from project 'VoxWords')
    cd /Users/yaoqiang/Workspace/Code/angyee/voxwords
    builtin-copy -exclude .DS_Store -exclude CVS -exclude .svn -exclude .git -exclude .hg -resolve-src-symlinks -rename /Users/yaoqiang/Library/Developer/Xcode/DerivedData/VoxWords-didnsnbyebchbqdoqlevwhubeskr/Build/Intermediates.noindex/VoxWords.build/Debug-iphonesimulator/VoxWords.build/Objects-normal/arm64/VoxWords.abi.json /Users/yaoqiang/Library/Developer/Xcode/DerivedData/VoxWords-didnsnbyebchbqdoqlevwhubeskr/Build/Products/Debug-iphonesimulator/VoxWords.swiftmodule/arm64-apple-ios-simulator.abi.json

Copy /Users/yaoqiang/Library/Developer/Xcode/DerivedData/VoxWords-didnsnbyebchbqdoqlevwhubeskr/Build/Products/Debug-iphonesimulator/VoxWords.swiftmodule/Project/arm64-apple-ios-simulator.swiftsourceinfo /Users/yaoqiang/Library/Developer/Xcode/DerivedData/VoxWords-didnsnbyebchbqdoqlevwhubeskr/Build/Intermediates.noindex/VoxWords.build/Debug-iphonesimulator/VoxWords.build/Objects-normal/arm64/VoxWords.swiftsourceinfo (in target 'VoxWords' from project 'VoxWords')
    cd /Users/yaoqiang/Workspace/Code/angyee/voxwords
    builtin-copy -exclude .DS_Store -exclude CVS -exclude .svn -exclude .git -exclude .hg -resolve-src-symlinks -rename /Users/yaoqiang/Library/Developer/Xcode/DerivedData/VoxWords-didnsnbyebchbqdoqlevwhubeskr/Build/Intermediates.noindex/VoxWords.build/Debug-iphonesimulator/VoxWords.build/Objects-normal/arm64/VoxWords.swiftsourceinfo /Users/yaoqiang/Library/Developer/Xcode/DerivedData/VoxWords-didnsnbyebchbqdoqlevwhubeskr/Build/Products/Debug-iphonesimulator/VoxWords.swiftmodule/Project/arm64-apple-ios-simulator.swiftsourceinfo

Copy /Users/yaoqiang/Library/Developer/Xcode/DerivedData/VoxWords-didnsnbyebchbqdoqlevwhubeskr/Build/Products/Debug-iphonesimulator/VoxWords.swiftmodule/arm64-apple-ios-simulator.swiftdoc /Users/yaoqiang/Library/Developer/Xcode/DerivedData/VoxWords-didnsnbyebchbqdoqlevwhubeskr/Build/Intermediates.noindex/VoxWords.build/Debug-iphonesimulator/VoxWords.build/Objects-normal/arm64/VoxWords.swiftdoc (in target 'VoxWords' from project 'VoxWords')
    cd /Users/yaoqiang/Workspace/Code/angyee/voxwords
    builtin-copy -exclude .DS_Store -exclude CVS -exclude .svn -exclude .git -exclude .hg -resolve-src-symlinks -rename /Users/yaoqiang/Library/Developer/Xcode/DerivedData/VoxWords-didnsnbyebchbqdoqlevwhubeskr/Build/Intermediates.noindex/VoxWords.build/Debug-iphonesimulator/VoxWords.build/Objects-normal/arm64/VoxWords.swiftdoc /Users/yaoqiang/Library/Developer/Xcode/DerivedData/VoxWords-didnsnbyebchbqdoqlevwhubeskr/Build/Products/Debug-iphonesimulator/VoxWords.swiftmodule/arm64-apple-ios-simulator.swiftdoc

SwiftDriverJobDiscovery normal arm64 Compiling SpeechManager.swift (in target 'VoxWords' from project 'VoxWords')

SwiftDriverJobDiscovery normal arm64 Compiling SettingsView.swift (in target 'VoxWords' from project 'VoxWords')

SwiftDriverJobDiscovery normal arm64 Compiling ContentView.swift (in target 'VoxWords' from project 'VoxWords')

SwiftCompile normal arm64 Compiling\ OnboardingView.swift /Users/yaoqiang/Workspace/Code/angyee/voxwords/VoxWords/Views/Onboarding/OnboardingView.swift (in target 'VoxWords' from project 'VoxWords')

SwiftCompile normal arm64 /Users/yaoqiang/Workspace/Code/angyee/voxwords/VoxWords/Views/Onboarding/OnboardingView.swift (in target 'VoxWords' from project 'VoxWords')
    cd /Users/yaoqiang/Workspace/Code/angyee/voxwords
    

SwiftCompile normal arm64 Compiling\ CardView.swift /Users/yaoqiang/Workspace/Code/angyee/voxwords/VoxWords/Views/Components/CardView.swift (in target 'VoxWords' from project 'VoxWords')

SwiftCompile normal arm64 /Users/yaoqiang/Workspace/Code/angyee/voxwords/VoxWords/Views/Components/CardView.swift (in target 'VoxWords' from project 'VoxWords')
    cd /Users/yaoqiang/Workspace/Code/angyee/voxwords
    

SwiftCompile normal arm64 Compiling\ RecordButton.swift /Users/yaoqiang/Workspace/Code/angyee/voxwords/VoxWords/Views/Components/RecordButton.swift (in target 'VoxWords' from project 'VoxWords')

SwiftCompile normal arm64 /Users/yaoqiang/Workspace/Code/angyee/voxwords/VoxWords/Views/Components/RecordButton.swift (in target 'VoxWords' from project 'VoxWords')
    cd /Users/yaoqiang/Workspace/Code/angyee/voxwords
    

SwiftCompile normal arm64 Compiling\ VisualizerView.swift /Users/yaoqiang/Workspace/Code/angyee/voxwords/VoxWords/Views/Components/VisualizerView.swift (in target 'VoxWords' from project 'VoxWords')

SwiftCompile normal arm64 /Users/yaoqiang/Workspace/Code/angyee/voxwords/VoxWords/Views/Components/VisualizerView.swift (in target 'VoxWords' from project 'VoxWords')
    cd /Users/yaoqiang/Workspace/Code/angyee/voxwords
    

SwiftDriverJobDiscovery normal arm64 Compiling VisualizerView.swift (in target 'VoxWords' from project 'VoxWords')

SwiftDriverJobDiscovery normal arm64 Compiling RecordButton.swift (in target 'VoxWords' from project 'VoxWords')

SwiftDriverJobDiscovery normal arm64 Compiling CardView.swift (in target 'VoxWords' from project 'VoxWords')

SwiftDriverJobDiscovery normal arm64 Compiling OnboardingView.swift (in target 'VoxWords' from project 'VoxWords')

SwiftDriver\ Compilation VoxWords normal arm64 com.apple.xcode.tools.swift.compiler (in target 'VoxWords' from project 'VoxWords')
    cd /Users/yaoqiang/Workspace/Code/angyee/voxwords
    builtin-Swift-Compilation -- /Users/yaoqiang/development/Xcode.app/Contents/Developer/Toolchains/XcodeDefault.xctoolchain/usr/bin/swiftc -module-name VoxWords -Onone -enforce-exclusivity\=checked @/Users/yaoqiang/Library/Developer/Xcode/DerivedData/VoxWords-didnsnbyebchbqdoqlevwhubeskr/Build/Intermediates.noindex/VoxWords.build/Debug-iphonesimulator/VoxWords.build/Objects-normal/arm64/VoxWords.SwiftFileList -DDEBUG -enable-experimental-feature DebugDescriptionMacro -sdk /Users/yaoqiang/development/Xcode.app/Contents/Developer/Platforms/iPhoneSimulator.platform/Developer/SDKs/iPhoneSimulator26.1.sdk -target arm64-apple-ios18.0-simulator -g -module-cache-path /Users/yaoqiang/Library/Developer/Xcode/DerivedData/ModuleCache.noindex -Xfrontend -serialize-debugging-options -enable-testing -index-store-path /Users/yaoqiang/Library/Developer/Xcode/DerivedData/VoxWords-didnsnbyebchbqdoqlevwhubeskr/Index.noindex/DataStore -Xcc -D_LIBCPP_HARDENING_MODE\=_LIBCPP_HARDENING_MODE_DEBUG -swift-version 6 -I /Users/yaoqiang/Library/Developer/Xcode/DerivedData/VoxWords-didnsnbyebchbqdoqlevwhubeskr/Build/Products/Debug-iphonesimulator -F /Users/yaoqiang/Library/Developer/Xcode/DerivedData/VoxWords-didnsnbyebchbqdoqlevwhubeskr/Build/Products/Debug-iphonesimulator -c -j12 -enable-batch-mode -incremental -Xcc -ivfsstatcache -Xcc /Users/yaoqiang/Library/Developer/Xcode/DerivedData/SDKStatCaches.noindex/iphonesimulator26.1-23B77-49d5b855a87b3ccd497611e9e62e51e9.sdkstatcache -output-file-map /Users/yaoqiang/Library/Developer/Xcode/DerivedData/VoxWords-didnsnbyebchbqdoqlevwhubeskr/Build/Intermediates.noindex/VoxWords.build/Debug-iphonesimulator/VoxWords.build/Objects-normal/arm64/VoxWords-OutputFileMap.json -use-frontend-parseable-output -save-temps -no-color-diagnostics -explicit-module-build -module-cache-path /Users/yaoqiang/Library/Developer/Xcode/DerivedData/VoxWords-didnsnbyebchbqdoqlevwhubeskr/Build/Intermediates.noindex/SwiftExplicitPrecompiledModules -clang-scanner-module-cache-path /Users/yaoqiang/Library/Developer/Xcode/DerivedData/ModuleCache.noindex -sdk-module-cache-path /Users/yaoqiang/Library/Developer/Xcode/DerivedData/ModuleCache.noindex -serialize-diagnostics -emit-dependencies -emit-module -emit-module-path /Users/yaoqiang/Library/Developer/Xcode/DerivedData/VoxWords-didnsnbyebchbqdoqlevwhubeskr/Build/Intermediates.noindex/VoxWords.build/Debug-iphonesimulator/VoxWords.build/Objects-normal/arm64/VoxWords.swiftmodule -validate-clang-modules-once -clang-build-session-file /Users/yaoqiang/Library/Developer/Xcode/DerivedData/ModuleCache.noindex/Session.modulevalidation -Xcc -I/Users/yaoqiang/Library/Developer/Xcode/DerivedData/VoxWords-didnsnbyebchbqdoqlevwhubeskr/Build/Intermediates.noindex/VoxWords.build/Debug-iphonesimulator/VoxWords.build/swift-overrides.hmap -emit-const-values -Xfrontend -const-gather-protocols-file -Xfrontend /Users/yaoqiang/Library/Developer/Xcode/DerivedData/VoxWords-didnsnbyebchbqdoqlevwhubeskr/Build/Intermediates.noindex/VoxWords.build/Debug-iphonesimulator/VoxWords.build/Objects-normal/arm64/VoxWords_const_extract_protocols.json -Xcc -iquote -Xcc /Users/yaoqiang/Library/Developer/Xcode/DerivedData/VoxWords-didnsnbyebchbqdoqlevwhubeskr/Build/Intermediates.noindex/VoxWords.build/Debug-iphonesimulator/VoxWords.build/VoxWords-generated-files.hmap -Xcc -I/Users/yaoqiang/Library/Developer/Xcode/DerivedData/VoxWords-didnsnbyebchbqdoqlevwhubeskr/Build/Intermediates.noindex/VoxWords.build/Debug-iphonesimulator/VoxWords.build/VoxWords-own-target-headers.hmap -Xcc -I/Users/yaoqiang/Library/Developer/Xcode/DerivedData/VoxWords-didnsnbyebchbqdoqlevwhubeskr/Build/Intermediates.noindex/VoxWords.build/Debug-iphonesimulator/VoxWords.build/VoxWords-all-target-headers.hmap -Xcc -iquote -Xcc /Users/yaoqiang/Library/Developer/Xcode/DerivedData/VoxWords-didnsnbyebchbqdoqlevwhubeskr/Build/Intermediates.noindex/VoxWords.build/Debug-iphonesimulator/VoxWords.build/VoxWords-project-headers.hmap -Xcc -I/Users/yaoqiang/Library/Developer/Xcode/DerivedData/VoxWords-didnsnbyebchbqdoqlevwhubeskr/Build/Products/Debug-iphonesimulator/include -Xcc -I/Users/yaoqiang/Library/Developer/Xcode/DerivedData/VoxWords-didnsnbyebchbqdoqlevwhubeskr/Build/Intermediates.noindex/VoxWords.build/Debug-iphonesimulator/VoxWords.build/DerivedSources-normal/arm64 -Xcc -I/Users/yaoqiang/Library/Developer/Xcode/DerivedData/VoxWords-didnsnbyebchbqdoqlevwhubeskr/Build/Intermediates.noindex/VoxWords.build/Debug-iphonesimulator/VoxWords.build/DerivedSources/arm64 -Xcc -I/Users/yaoqiang/Library/Developer/Xcode/DerivedData/VoxWords-didnsnbyebchbqdoqlevwhubeskr/Build/Intermediates.noindex/VoxWords.build/Debug-iphonesimulator/VoxWords.build/DerivedSources -Xcc -DDEBUG\=1 -emit-objc-header -emit-objc-header-path /Users/yaoqiang/Library/Developer/Xcode/DerivedData/VoxWords-didnsnbyebchbqdoqlevwhubeskr/Build/Intermediates.noindex/VoxWords.build/Debug-iphonesimulator/VoxWords.build/Objects-normal/arm64/VoxWords-Swift.h -working-directory /Users/yaoqiang/Workspace/Code/angyee/voxwords -experimental-emit-module-separately -disable-cmo

Ld /Users/yaoqiang/Library/Developer/Xcode/DerivedData/VoxWords-didnsnbyebchbqdoqlevwhubeskr/Build/Products/Debug-iphonesimulator/VoxWords.app/VoxWords.debug.dylib normal (in target 'VoxWords' from project 'VoxWords')
    cd /Users/yaoqiang/Workspace/Code/angyee/voxwords
    /Users/yaoqiang/development/Xcode.app/Contents/Developer/Toolchains/XcodeDefault.xctoolchain/usr/bin/clang -Xlinker -reproducible -target arm64-apple-ios18.0-simulator -dynamiclib -isysroot /Users/yaoqiang/development/Xcode.app/Contents/Developer/Platforms/iPhoneSimulator.platform/Developer/SDKs/iPhoneSimulator26.1.sdk -O0 -L/Users/yaoqiang/Library/Developer/Xcode/DerivedData/VoxWords-didnsnbyebchbqdoqlevwhubeskr/Build/Intermediates.noindex/EagerLinkingTBDs/Debug-iphonesimulator -L/Users/yaoqiang/Library/Developer/Xcode/DerivedData/VoxWords-didnsnbyebchbqdoqlevwhubeskr/Build/Products/Debug-iphonesimulator -F/Users/yaoqiang/Library/Developer/Xcode/DerivedData/VoxWords-didnsnbyebchbqdoqlevwhubeskr/Build/Intermediates.noindex/EagerLinkingTBDs/Debug-iphonesimulator -F/Users/yaoqiang/Library/Developer/Xcode/DerivedData/VoxWords-didnsnbyebchbqdoqlevwhubeskr/Build/Products/Debug-iphonesimulator -filelist /Users/yaoqiang/Library/Developer/Xcode/DerivedData/VoxWords-didnsnbyebchbqdoqlevwhubeskr/Build/Intermediates.noindex/VoxWords.build/Debug-iphonesimulator/VoxWords.build/Objects-normal/arm64/VoxWords.LinkFileList -install_name @rpath/VoxWords.debug.dylib -Xlinker -rpath -Xlinker /usr/lib/swift -Xlinker -rpath -Xlinker @executable_path/Frameworks -dead_strip -Xlinker -object_path_lto -Xlinker /Users/yaoqiang/Library/Developer/Xcode/DerivedData/VoxWords-didnsnbyebchbqdoqlevwhubeskr/Build/Intermediates.noindex/VoxWords.build/Debug-iphonesimulator/VoxWords.build/Objects-normal/arm64/VoxWords_lto.o -rdynamic -Xlinker -no_deduplicate -Xlinker -objc_abi_version -Xlinker 2 -Xlinker -dependency_info -Xlinker /Users/yaoqiang/Library/Developer/Xcode/DerivedData/VoxWords-didnsnbyebchbqdoqlevwhubeskr/Build/Intermediates.noindex/VoxWords.build/Debug-iphonesimulator/VoxWords.build/Objects-normal/arm64/VoxWords_dependency_info.dat -fobjc-link-runtime -L/Users/yaoqiang/development/Xcode.app/Contents/Developer/Toolchains/XcodeDefault.xctoolchain/usr/lib/swift/iphonesimulator -L/usr/lib/swift -Xlinker -add_ast_path -Xlinker /Users/yaoqiang/Library/Developer/Xcode/DerivedData/VoxWords-didnsnbyebchbqdoqlevwhubeskr/Build/Intermediates.noindex/VoxWords.build/Debug-iphonesimulator/VoxWords.build/Objects-normal/arm64/VoxWords.swiftmodule @/Users/yaoqiang/Library/Developer/Xcode/DerivedData/VoxWords-didnsnbyebchbqdoqlevwhubeskr/Build/Intermediates.noindex/VoxWords.build/Debug-iphonesimulator/VoxWords.build/Objects-normal/arm64/VoxWords-linker-args.resp -Xlinker -alias -Xlinker _main -Xlinker ___debug_main_executable_dylib_entry_point -Xlinker -no_adhoc_codesign -o /Users/yaoqiang/Library/Developer/Xcode/DerivedData/VoxWords-didnsnbyebchbqdoqlevwhubeskr/Build/Products/Debug-iphonesimulator/VoxWords.app/VoxWords.debug.dylib

ConstructStubExecutorLinkFileList /Users/yaoqiang/Library/Developer/Xcode/DerivedData/VoxWords-didnsnbyebchbqdoqlevwhubeskr/Build/Intermediates.noindex/VoxWords.build/Debug-iphonesimulator/VoxWords.build/VoxWords-ExecutorLinkFileList-normal-arm64.txt (in target 'VoxWords' from project 'VoxWords')
    cd /Users/yaoqiang/Workspace/Code/angyee/voxwords
    construct-stub-executor-link-file-list /Users/yaoqiang/Library/Developer/Xcode/DerivedData/VoxWords-didnsnbyebchbqdoqlevwhubeskr/Build/Products/Debug-iphonesimulator/VoxWords.app/VoxWords.debug.dylib /Users/yaoqiang/development/Xcode.app/Contents/Developer/Platforms/iPhoneSimulator.platform/Developer/usr/lib/libPreviewsJITStubExecutor_no_swift_entry_point.a /Users/yaoqiang/development/Xcode.app/Contents/Developer/Platforms/iPhoneSimulator.platform/Developer/usr/lib/libPreviewsJITStubExecutor.a --output /Users/yaoqiang/Library/Developer/Xcode/DerivedData/VoxWords-didnsnbyebchbqdoqlevwhubeskr/Build/Intermediates.noindex/VoxWords.build/Debug-iphonesimulator/VoxWords.build/VoxWords-ExecutorLinkFileList-normal-arm64.txt
note: Using stub executor library with Swift entry point. (in target 'VoxWords' from project 'VoxWords')

Ld /Users/yaoqiang/Library/Developer/Xcode/DerivedData/VoxWords-didnsnbyebchbqdoqlevwhubeskr/Build/Products/Debug-iphonesimulator/VoxWords.app/VoxWords normal (in target 'VoxWords' from project 'VoxWords')
    cd /Users/yaoqiang/Workspace/Code/angyee/voxwords
    /Users/yaoqiang/development/Xcode.app/Contents/Developer/Toolchains/XcodeDefault.xctoolchain/usr/bin/clang -Xlinker -reproducible -target arm64-apple-ios18.0-simulator -isysroot /Users/yaoqiang/development/Xcode.app/Contents/Developer/Platforms/iPhoneSimulator.platform/Developer/SDKs/iPhoneSimulator26.1.sdk -O0 -L/Users/yaoqiang/Library/Developer/Xcode/DerivedData/VoxWords-didnsnbyebchbqdoqlevwhubeskr/Build/Products/Debug-iphonesimulator -F/Users/yaoqiang/Library/Developer/Xcode/DerivedData/VoxWords-didnsnbyebchbqdoqlevwhubeskr/Build/Products/Debug-iphonesimulator -Xlinker -rpath -Xlinker @executable_path -Xlinker -rpath -Xlinker @executable_path/Frameworks -rdynamic -Xlinker -no_deduplicate -Xlinker -objc_abi_version -Xlinker 2 -e ___debug_blank_executor_main -Xlinker -sectcreate -Xlinker __TEXT -Xlinker __debug_dylib -Xlinker /Users/yaoqiang/Library/Developer/Xcode/DerivedData/VoxWords-didnsnbyebchbqdoqlevwhubeskr/Build/Intermediates.noindex/VoxWords.build/Debug-iphonesimulator/VoxWords.build/VoxWords-DebugDylibPath-normal-arm64.txt -Xlinker -sectcreate -Xlinker __TEXT -Xlinker __debug_instlnm -Xlinker /Users/yaoqiang/Library/Developer/Xcode/DerivedData/VoxWords-didnsnbyebchbqdoqlevwhubeskr/Build/Intermediates.noindex/VoxWords.build/Debug-iphonesimulator/VoxWords.build/VoxWords-DebugDylibInstallName-normal-arm64.txt -Xlinker -filelist -Xlinker /Users/yaoqiang/Library/Developer/Xcode/DerivedData/VoxWords-didnsnbyebchbqdoqlevwhubeskr/Build/Intermediates.noindex/VoxWords.build/Debug-iphonesimulator/VoxWords.build/VoxWords-ExecutorLinkFileList-normal-arm64.txt -Xlinker -sectcreate -Xlinker __TEXT -Xlinker __entitlements -Xlinker /Users/yaoqiang/Library/Developer/Xcode/DerivedData/VoxWords-didnsnbyebchbqdoqlevwhubeskr/Build/Intermediates.noindex/VoxWords.build/Debug-iphonesimulator/VoxWords.build/VoxWords.app-Simulated.xcent -Xlinker -sectcreate -Xlinker __TEXT -Xlinker __ents_der -Xlinker /Users/yaoqiang/Library/Developer/Xcode/DerivedData/VoxWords-didnsnbyebchbqdoqlevwhubeskr/Build/Intermediates.noindex/VoxWords.build/Debug-iphonesimulator/VoxWords.build/VoxWords.app-Simulated.xcent.der /Users/yaoqiang/Library/Developer/Xcode/DerivedData/VoxWords-didnsnbyebchbqdoqlevwhubeskr/Build/Products/Debug-iphonesimulator/VoxWords.app/VoxWords.debug.dylib -Xlinker -no_adhoc_codesign -o /Users/yaoqiang/Library/Developer/Xcode/DerivedData/VoxWords-didnsnbyebchbqdoqlevwhubeskr/Build/Products/Debug-iphonesimulator/VoxWords.app/VoxWords

CopySwiftLibs /Users/yaoqiang/Library/Developer/Xcode/DerivedData/VoxWords-didnsnbyebchbqdoqlevwhubeskr/Build/Products/Debug-iphonesimulator/VoxWords.app (in target 'VoxWords' from project 'VoxWords')
    cd /Users/yaoqiang/Workspace/Code/angyee/voxwords
    builtin-swiftStdLibTool --copy --verbose --sign - --scan-executable /Users/yaoqiang/Library/Developer/Xcode/DerivedData/VoxWords-didnsnbyebchbqdoqlevwhubeskr/Build/Products/Debug-iphonesimulator/VoxWords.app/VoxWords.debug.dylib --scan-folder /Users/yaoqiang/Library/Developer/Xcode/DerivedData/VoxWords-didnsnbyebchbqdoqlevwhubeskr/Build/Products/Debug-iphonesimulator/VoxWords.app/Frameworks --scan-folder /Users/yaoqiang/Library/Developer/Xcode/DerivedData/VoxWords-didnsnbyebchbqdoqlevwhubeskr/Build/Products/Debug-iphonesimulator/VoxWords.app/PlugIns --scan-folder /Users/yaoqiang/Library/Developer/Xcode/DerivedData/VoxWords-didnsnbyebchbqdoqlevwhubeskr/Build/Products/Debug-iphonesimulator/VoxWords.app/SystemExtensions --scan-folder /Users/yaoqiang/Library/Developer/Xcode/DerivedData/VoxWords-didnsnbyebchbqdoqlevwhubeskr/Build/Products/Debug-iphonesimulator/VoxWords.app/Extensions --platform iphonesimulator --toolchain /Users/yaoqiang/development/Xcode.app/Contents/Developer/Toolchains/XcodeDefault.xctoolchain --destination /Users/yaoqiang/Library/Developer/Xcode/DerivedData/VoxWords-didnsnbyebchbqdoqlevwhubeskr/Build/Products/Debug-iphonesimulator/VoxWords.app/Frameworks --strip-bitcode --strip-bitcode-tool /Users/yaoqiang/development/Xcode.app/Contents/Developer/Toolchains/XcodeDefault.xctoolchain/usr/bin/bitcode_strip --emit-dependency-info /Users/yaoqiang/Library/Developer/Xcode/DerivedData/VoxWords-didnsnbyebchbqdoqlevwhubeskr/Build/Intermediates.noindex/VoxWords.build/Debug-iphonesimulator/VoxWords.build/SwiftStdLibToolInputDependencies.dep --filter-for-swift-os --back-deploy-swift-span

ExtractAppIntentsMetadata (in target 'VoxWords' from project 'VoxWords')
    cd /Users/yaoqiang/Workspace/Code/angyee/voxwords
    /Users/yaoqiang/development/Xcode.app/Contents/Developer/Toolchains/XcodeDefault.xctoolchain/usr/bin/appintentsmetadataprocessor --toolchain-dir /Users/yaoqiang/development/Xcode.app/Contents/Developer/Toolchains/XcodeDefault.xctoolchain --module-name VoxWords --sdk-root /Users/yaoqiang/development/Xcode.app/Contents/Developer/Platforms/iPhoneSimulator.platform/Developer/SDKs/iPhoneSimulator26.1.sdk --xcode-version 17B54 --platform-family iOS --deployment-target 18.0 --bundle-identifier com.angyee.voxwords --output /Users/yaoqiang/Library/Developer/Xcode/DerivedData/VoxWords-didnsnbyebchbqdoqlevwhubeskr/Build/Products/Debug-iphonesimulator/VoxWords.app --target-triple arm64-apple-ios18.0-simulator --binary-file /Users/yaoqiang/Library/Developer/Xcode/DerivedData/VoxWords-didnsnbyebchbqdoqlevwhubeskr/Build/Products/Debug-iphonesimulator/VoxWords.app/VoxWords --dependency-file /Users/yaoqiang/Library/Developer/Xcode/DerivedData/VoxWords-didnsnbyebchbqdoqlevwhubeskr/Build/Intermediates.noindex/VoxWords.build/Debug-iphonesimulator/VoxWords.build/Objects-normal/arm64/VoxWords_dependency_info.dat --stringsdata-file /Users/yaoqiang/Library/Developer/Xcode/DerivedData/VoxWords-didnsnbyebchbqdoqlevwhubeskr/Build/Intermediates.noindex/VoxWords.build/Debug-iphonesimulator/VoxWords.build/Objects-normal/arm64/ExtractedAppShortcutsMetadata.stringsdata --source-file-list /Users/yaoqiang/Library/Developer/Xcode/DerivedData/VoxWords-didnsnbyebchbqdoqlevwhubeskr/Build/Intermediates.noindex/VoxWords.build/Debug-iphonesimulator/VoxWords.build/Objects-normal/arm64/VoxWords.SwiftFileList --metadata-file-list /Users/yaoqiang/Library/Developer/Xcode/DerivedData/VoxWords-didnsnbyebchbqdoqlevwhubeskr/Build/Intermediates.noindex/VoxWords.build/Debug-iphonesimulator/VoxWords.build/VoxWords.DependencyMetadataFileList --static-metadata-file-list /Users/yaoqiang/Library/Developer/Xcode/DerivedData/VoxWords-didnsnbyebchbqdoqlevwhubeskr/Build/Intermediates.noindex/VoxWords.build/Debug-iphonesimulator/VoxWords.build/VoxWords.DependencyStaticMetadataFileList --swift-const-vals-list /Users/yaoqiang/Library/Developer/Xcode/DerivedData/VoxWords-didnsnbyebchbqdoqlevwhubeskr/Build/Intermediates.noindex/VoxWords.build/Debug-iphonesimulator/VoxWords.build/Objects-normal/arm64/VoxWords.SwiftConstValuesFileList --compile-time-extraction --deployment-aware-processing --validate-assistant-intents --no-app-shortcuts-localization
2025-12-22 11:30:46.020 appintentsmetadataprocessor[11825:77549340] Starting appintentsmetadataprocessor export
2025-12-22 11:30:46.022 appintentsmetadataprocessor[11825:77549340] warning: Metadata extraction skipped. No AppIntents.framework dependency found.

AppIntentsSSUTraining (in target 'VoxWords' from project 'VoxWords')
    cd /Users/yaoqiang/Workspace/Code/angyee/voxwords
    /Users/yaoqiang/development/Xcode.app/Contents/Developer/Toolchains/XcodeDefault.xctoolchain/usr/bin/appintentsnltrainingprocessor --infoplist-path /Users/yaoqiang/Library/Developer/Xcode/DerivedData/VoxWords-didnsnbyebchbqdoqlevwhubeskr/Build/Products/Debug-iphonesimulator/VoxWords.app/Info.plist --temp-dir-path /Users/yaoqiang/Library/Developer/Xcode/DerivedData/VoxWords-didnsnbyebchbqdoqlevwhubeskr/Build/Intermediates.noindex/VoxWords.build/Debug-iphonesimulator/VoxWords.build/ssu --bundle-id com.angyee.voxwords --product-path /Users/yaoqiang/Library/Developer/Xcode/DerivedData/VoxWords-didnsnbyebchbqdoqlevwhubeskr/Build/Products/Debug-iphonesimulator/VoxWords.app --extracted-metadata-path /Users/yaoqiang/Library/Developer/Xcode/DerivedData/VoxWords-didnsnbyebchbqdoqlevwhubeskr/Build/Products/Debug-iphonesimulator/VoxWords.app/Metadata.appintents --metadata-file-list /Users/yaoqiang/Library/Developer/Xcode/DerivedData/VoxWords-didnsnbyebchbqdoqlevwhubeskr/Build/Intermediates.noindex/VoxWords.build/Debug-iphonesimulator/VoxWords.build/VoxWords.DependencyMetadataFileList --archive-ssu-assets
2025-12-22 11:30:46.038 appintentsnltrainingprocessor[11826:77549347] Parsing options for appintentsnltrainingprocessor
2025-12-22 11:30:46.038 appintentsnltrainingprocessor[11826:77549347] No AppShortcuts found - Skipping.

CodeSign /Users/yaoqiang/Library/Developer/Xcode/DerivedData/VoxWords-didnsnbyebchbqdoqlevwhubeskr/Build/Products/Debug-iphonesimulator/VoxWords.app/VoxWords.debug.dylib (in target 'VoxWords' from project 'VoxWords')
    cd /Users/yaoqiang/Workspace/Code/angyee/voxwords
    
    Signing Identity:     "Sign to Run Locally"
    
    /usr/bin/codesign --force --sign - --timestamp\=none --generate-entitlement-der /Users/yaoqiang/Library/Developer/Xcode/DerivedData/VoxWords-didnsnbyebchbqdoqlevwhubeskr/Build/Products/Debug-iphonesimulator/VoxWords.app/VoxWords.debug.dylib

CodeSign /Users/yaoqiang/Library/Developer/Xcode/DerivedData/VoxWords-didnsnbyebchbqdoqlevwhubeskr/Build/Products/Debug-iphonesimulator/VoxWords.app/__preview.dylib (in target 'VoxWords' from project 'VoxWords')
    cd /Users/yaoqiang/Workspace/Code/angyee/voxwords
    
    Signing Identity:     "Sign to Run Locally"
    
    /usr/bin/codesign --force --sign - --timestamp\=none --generate-entitlement-der /Users/yaoqiang/Library/Developer/Xcode/DerivedData/VoxWords-didnsnbyebchbqdoqlevwhubeskr/Build/Products/Debug-iphonesimulator/VoxWords.app/__preview.dylib
/Users/yaoqiang/Library/Developer/Xcode/DerivedData/VoxWords-didnsnbyebchbqdoqlevwhubeskr/Build/Products/Debug-iphonesimulator/VoxWords.app/__preview.dylib: replacing existing signature

CodeSign /Users/yaoqiang/Library/Developer/Xcode/DerivedData/VoxWords-didnsnbyebchbqdoqlevwhubeskr/Build/Products/Debug-iphonesimulator/VoxWords.app (in target 'VoxWords' from project 'VoxWords')
    cd /Users/yaoqiang/Workspace/Code/angyee/voxwords
    
    Signing Identity:     "Sign to Run Locally"
    
    /usr/bin/codesign --force --sign - --timestamp\=none --generate-entitlement-der /Users/yaoqiang/Library/Developer/Xcode/DerivedData/VoxWords-didnsnbyebchbqdoqlevwhubeskr/Build/Products/Debug-iphonesimulator/VoxWords.app

Validate /Users/yaoqiang/Library/Developer/Xcode/DerivedData/VoxWords-didnsnbyebchbqdoqlevwhubeskr/Build/Products/Debug-iphonesimulator/VoxWords.app (in target 'VoxWords' from project 'VoxWords')
    cd /Users/yaoqiang/Workspace/Code/angyee/voxwords
    builtin-validationUtility /Users/yaoqiang/Library/Developer/Xcode/DerivedData/VoxWords-didnsnbyebchbqdoqlevwhubeskr/Build/Products/Debug-iphonesimulator/VoxWords.app -shallow-bundle -infoplist-subpath Info.plist

** BUILD SUCCEEDED **

